2022-04-21T21:35:27.448Z info: Server listening on port 8080
2022-04-21T21:35:51.122Z warn: No active browser in the pool
2022-04-21T21:35:51.126Z warn: No active browser in the pool
2022-04-21T21:35:51.167Z info: Client connected
2022-04-21T21:35:51.183Z info: Client connected
2022-04-21T21:35:53.579Z info: Browser started with screencasting.
2022-04-21T21:35:53.580Z info: Browser started with screencasting.
2022-04-21T21:36:04.669Z info: Moved over position x:931, y:113
2022-04-21T21:36:04.734Z info: Moved over position x:811, y:475
2022-04-21T21:36:04.746Z info: Moved over position x:800, y:464
2022-04-21T21:36:04.903Z info: Moved over position x:800, y:463
2022-04-21T21:36:04.922Z info: Moved over position x:799, y:462
2022-04-21T21:36:04.935Z info: Moved over position x:790, y:461
2022-04-21T21:36:04.949Z info: Moved over position x:786, y:459
2022-04-21T21:36:04.964Z info: Moved over position x:782, y:456
2022-04-21T21:36:04.982Z info: Moved over position x:782, y:442
2022-04-21T21:36:04.999Z info: Moved over position x:785, y:408
2022-04-21T21:36:05.014Z info: Moved over position x:793, y:375
2022-04-21T21:36:05.034Z info: Moved over position x:821, y:303
2022-04-21T21:36:05.050Z info: Moved over position x:870, y:220
2022-04-21T21:36:05.066Z info: Moved over position x:918, y:153
2022-04-21T21:36:05.082Z info: Moved over position x:964, y:103
2022-04-21T21:37:03.849Z info: Server listening on port 8080
2022-04-21T21:39:27.994Z info: Server listening on port 8080
2022-04-21T21:58:02.239Z info: Server listening on port 8080
2022-04-21T21:58:07.559Z warn: No active browser in the pool
2022-04-21T21:58:07.567Z warn: No active browser in the pool
2022-04-21T21:58:11.448Z info: Client connected
2022-04-21T21:58:11.468Z info: Client connected
2022-04-21T21:58:13.088Z info: Browser started with screencasting.
2022-04-21T21:58:13.155Z info: Browser started with screencasting.
2022-04-21T21:58:22.781Z info: Went to https://google.com
2022-04-21T21:58:22.937Z info: Moved over position x:826, y:27
2022-04-21T21:58:22.951Z info: Moved over position x:879, y:62
2022-04-21T21:58:22.975Z info: Moved over position x:1013, y:144
2022-04-21T21:58:23.003Z info: Moved over position x:1197, y:257
2022-04-21T21:58:23.802Z info: Moved over position x:1095, y:715
2022-04-21T21:58:23.819Z info: Moved over position x:1080, y:708
2022-04-21T21:58:23.836Z info: Moved over position x:1032, y:688
2022-04-21T21:58:23.850Z info: Moved over position x:1009, y:678
2022-04-21T21:58:23.867Z info: Moved over position x:996, y:672
2022-04-21T21:58:23.896Z info: Moved over position x:990, y:669
2022-04-21T21:58:23.900Z info: Moved over position x:986, y:668
2022-04-21T21:58:24.153Z info: Moved over position x:986, y:669
2022-04-21T21:58:24.169Z info: Moved over position x:983, y:670
2022-04-21T21:58:24.184Z info: Moved over position x:982, y:672
2022-04-21T21:58:24.200Z info: Moved over position x:981, y:674
2022-04-21T21:58:24.217Z info: Moved over position x:979, y:675
2022-04-21T21:58:24.233Z info: Moved over position x:978, y:675
2022-04-21T21:58:24.300Z info: Clicked on position x:978, y:675
2022-04-21T21:58:24.347Z info: Moved over position x:978, y:674
2022-04-21T21:58:24.417Z info: Moved over position x:978, y:675
2022-04-21T21:58:24.641Z info: Moved over position x:979, y:677
2022-04-21T21:58:24.685Z info: Moved over position x:981, y:677
2022-04-21T21:58:24.702Z info: Moved over position x:983, y:677
2022-04-21T21:58:24.702Z info: Moved over position x:989, y:673
2022-04-21T21:58:24.718Z info: Moved over position x:994, y:669
2022-04-21T21:58:24.734Z info: Moved over position x:1005, y:663
2022-04-21T21:58:24.751Z info: Moved over position x:1009, y:658
2022-04-21T21:58:24.768Z info: Moved over position x:1020, y:647
2022-04-21T21:58:24.785Z info: Moved over position x:1030, y:636
2022-04-21T21:58:24.800Z info: Moved over position x:1035, y:629
2022-04-21T21:58:24.817Z info: Moved over position x:1048, y:612
2022-04-21T21:58:24.834Z info: Moved over position x:1056, y:597
2022-04-21T21:58:24.852Z info: Moved over position x:1068, y:571
2022-04-21T21:58:24.868Z info: Moved over position x:1084, y:536
2022-04-21T21:58:24.938Z info: Moved over position x:1091, y:514
2022-04-21T21:58:24.939Z info: Moved over position x:1093, y:502
2022-04-21T21:58:24.939Z info: Moved over position x:1093, y:497
2022-04-21T21:58:24.939Z info: Moved over position x:1091, y:489
2022-04-21T21:58:24.950Z info: Moved over position x:1087, y:484
2022-04-21T21:58:24.968Z info: Moved over position x:1086, y:482
2022-04-21T21:58:24.984Z info: Moved over position x:1080, y:478
2022-04-21T21:58:25.001Z info: Moved over position x:1075, y:474
2022-04-21T21:58:25.018Z info: Moved over position x:1058, y:464
2022-04-21T21:58:25.034Z info: Moved over position x:1048, y:461
2022-04-21T21:58:25.050Z info: Moved over position x:1038, y:457
2022-04-21T21:58:25.067Z info: Moved over position x:1034, y:454
2022-04-21T21:58:25.084Z info: Moved over position x:1026, y:451
2022-04-21T21:58:25.124Z info: Moved over position x:1020, y:448
2022-04-21T21:58:25.124Z info: Moved over position x:1017, y:446
2022-04-21T21:58:25.134Z info: Moved over position x:1015, y:444
2022-04-21T21:58:25.151Z info: Moved over position x:1011, y:441
2022-04-21T21:58:25.168Z info: Moved over position x:1002, y:433
2022-04-21T21:58:25.184Z info: Moved over position x:998, y:431
2022-04-21T21:58:25.201Z info: Moved over position x:994, y:425
2022-04-21T21:58:25.217Z info: Moved over position x:989, y:418
2022-04-21T21:58:25.234Z info: Moved over position x:982, y:408
2022-04-21T21:58:25.251Z info: Moved over position x:972, y:395
2022-04-21T21:58:25.281Z info: Moved over position x:965, y:384
2022-04-21T21:58:25.285Z info: Moved over position x:957, y:364
2022-04-21T21:58:25.301Z info: Moved over position x:952, y:354
2022-04-21T21:58:25.318Z info: Moved over position x:907, y:292
2022-04-21T21:58:25.335Z info: Moved over position x:890, y:277
2022-04-21T21:58:25.350Z info: Moved over position x:862, y:259
2022-04-21T21:58:25.368Z info: Moved over position x:825, y:238
2022-04-21T21:58:25.385Z info: Moved over position x:786, y:215
2022-04-21T21:58:25.402Z info: Moved over position x:736, y:181
2022-04-21T21:58:25.417Z info: Moved over position x:651, y:117
2022-04-21T21:58:25.434Z info: Moved over position x:548, y:29
2022-04-21T21:58:25.634Z info: Moved over position x:283, y:35
2022-04-21T21:58:25.654Z info: Moved over position x:265, y:108
2022-04-21T21:58:25.668Z info: Moved over position x:254, y:161
2022-04-21T21:58:25.684Z info: Moved over position x:232, y:243
2022-04-21T21:58:25.702Z info: Moved over position x:212, y:318
2022-04-21T21:58:25.718Z info: Moved over position x:191, y:395
2022-04-21T21:58:25.734Z info: Moved over position x:185, y:423
2022-04-21T21:58:25.751Z info: Moved over position x:181, y:449
2022-04-21T21:58:25.769Z info: Moved over position x:179, y:464
2022-04-21T21:58:25.785Z info: Moved over position x:183, y:474
2022-04-21T21:58:25.801Z info: Moved over position x:185, y:475
2022-04-21T21:58:25.819Z info: Moved over position x:186, y:477
2022-04-21T21:58:25.835Z info: Moved over position x:189, y:474
2022-04-21T21:58:25.850Z info: Moved over position x:194, y:469
2022-04-21T21:58:25.868Z info: Moved over position x:198, y:469
2022-04-21T21:58:25.885Z info: Moved over position x:201, y:470
2022-04-21T21:58:25.901Z info: Moved over position x:202, y:473
2022-04-21T21:58:25.917Z info: Moved over position x:205, y:475
2022-04-21T21:58:26.098Z info: Moved over position x:206, y:475
2022-04-21T21:58:26.113Z info: Moved over position x:206, y:474
2022-04-21T21:58:26.127Z info: Moved over position x:209, y:472
2022-04-21T21:58:26.142Z info: Moved over position x:213, y:464
2022-04-21T21:58:26.158Z info: Moved over position x:216, y:459
2022-04-21T21:58:26.173Z info: Moved over position x:219, y:451
2022-04-21T21:58:26.185Z info: Moved over position x:217, y:442
2022-04-21T21:58:26.201Z info: Moved over position x:217, y:434
2022-04-21T21:58:26.217Z info: Moved over position x:216, y:417
2022-04-21T21:58:26.235Z info: Moved over position x:215, y:395
2022-04-21T21:58:26.252Z info: Moved over position x:215, y:376
2022-04-21T21:58:26.267Z info: Moved over position x:213, y:362
2022-04-21T21:58:26.285Z info: Moved over position x:212, y:341
2022-04-21T21:58:26.301Z info: Moved over position x:211, y:322
2022-04-21T21:58:26.318Z info: Moved over position x:209, y:308
2022-04-21T21:58:26.335Z info: Moved over position x:208, y:300
2022-04-21T21:58:26.352Z info: Moved over position x:206, y:288
2022-04-21T21:58:26.367Z info: Moved over position x:204, y:281
2022-04-21T21:58:26.385Z info: Moved over position x:202, y:274
2022-04-21T21:58:26.400Z info: Moved over position x:201, y:272
2022-04-21T21:58:26.418Z info: Moved over position x:201, y:267
2022-04-21T21:58:26.435Z info: Moved over position x:201, y:264
2022-04-21T21:58:26.451Z info: Moved over position x:200, y:261
2022-04-21T21:58:26.468Z info: Moved over position x:200, y:251
2022-04-21T21:58:26.484Z info: Moved over position x:200, y:242
2022-04-21T21:58:26.502Z info: Moved over position x:198, y:236
2022-04-21T21:58:26.517Z info: Moved over position x:197, y:214
2022-04-21T21:58:26.535Z info: Moved over position x:194, y:200
2022-04-21T21:58:26.552Z info: Moved over position x:193, y:187
2022-04-21T21:58:26.570Z info: Moved over position x:191, y:178
2022-04-21T21:58:26.585Z info: Moved over position x:191, y:171
2022-04-21T21:58:26.601Z info: Moved over position x:190, y:169
2022-04-21T21:58:26.618Z info: Moved over position x:190, y:166
2022-04-21T21:58:26.635Z info: Moved over position x:190, y:165
2022-04-21T22:00:55.846Z info: Moved over position x:191, y:164
2022-04-21T22:00:55.862Z info: Moved over position x:191, y:160
2022-04-21T22:00:55.878Z info: Moved over position x:194, y:154
2022-04-21T22:00:55.895Z info: Moved over position x:204, y:129
2022-04-21T22:00:55.926Z info: Moved over position x:209, y:118
2022-04-21T22:00:55.927Z info: Moved over position x:226, y:74
2022-04-21T22:00:55.945Z info: Moved over position x:260, y:9
2022-04-21T22:10:15.177Z info: Server listening on port 8080
2022-04-21T22:10:20.944Z warn: No active browser in the pool
2022-04-21T22:10:20.949Z warn: No active browser in the pool
2022-04-21T22:10:20.981Z info: Client connected
2022-04-21T22:10:20.994Z info: Client connected
2022-04-21T22:10:23.067Z info: Browser started with screencasting.
2022-04-21T22:10:23.095Z info: Browser started with screencasting.
2022-04-21T22:13:02.572Z info: Browser stopped with screencasting.
2022-04-21T22:13:02.573Z info: Client connected
2022-04-21T22:13:02.585Z info: Client connected
2022-04-21T22:13:02.733Z warn: Remote browser with id: b2b92de0-3935-45a2-b717-17128e34b02c does not exist in the pool
2022-04-21T22:13:03.845Z info: Browser started with screencasting.
2022-04-21T22:13:03.944Z info: Browser started with screencasting.
2022-04-21T22:13:21.685Z info: Browser stopped with screencasting.
2022-04-21T22:13:21.689Z info: Client connected
2022-04-21T22:13:22.725Z info: Browser started with screencasting.
2022-04-21T22:13:36.713Z info: Moved over position x:12, y:135
2022-04-21T22:13:36.714Z info: Moved over position x:78, y:384
2022-04-21T22:13:36.715Z info: Moved over position x:137, y:610
2022-04-21T22:13:39.020Z info: Moved over position x:414, y:664
2022-04-21T22:13:41.989Z info: Moved over position x:15, y:289
2022-04-21T22:13:41.991Z info: Moved over position x:33, y:282
2022-04-21T22:13:42.008Z info: Moved over position x:59, y:264
2022-04-21T22:13:42.009Z info: Moved over position x:83, y:243
2022-04-21T22:13:42.027Z info: Moved over position x:111, y:205
2022-04-21T22:13:42.049Z info: Moved over position x:123, y:176
2022-04-21T22:13:42.063Z info: Moved over position x:129, y:149
2022-04-21T22:13:42.075Z info: Moved over position x:129, y:132
2022-04-21T22:13:42.093Z info: Moved over position x:124, y:109
2022-04-21T22:13:42.108Z info: Moved over position x:120, y:98
2022-04-21T22:13:42.125Z info: Moved over position x:115, y:88
2022-04-21T22:13:42.141Z info: Moved over position x:111, y:86
2022-04-21T22:13:42.158Z info: Moved over position x:103, y:82
2022-04-21T22:13:42.176Z info: Moved over position x:93, y:76
2022-04-21T22:13:42.191Z info: Moved over position x:89, y:73
2022-04-21T22:13:42.208Z info: Moved over position x:86, y:72
2022-04-21T22:13:42.225Z info: Moved over position x:83, y:71
2022-04-21T22:13:42.242Z info: Moved over position x:83, y:70
2022-04-21T22:13:42.274Z info: Moved over position x:83, y:61
2022-04-21T22:13:42.292Z info: Moved over position x:88, y:41
2022-04-21T22:13:42.308Z info: Moved over position x:89, y:29
2022-04-21T22:13:45.946Z info: Moved over position x:19, y:401
2022-04-21T22:13:45.961Z info: Moved over position x:66, y:392
2022-04-21T22:13:45.977Z info: Moved over position x:120, y:387
2022-04-21T22:13:45.993Z info: Moved over position x:171, y:384
2022-04-21T22:13:46.010Z info: Moved over position x:279, y:379
2022-04-21T22:13:46.026Z info: Moved over position x:369, y:377
2022-04-21T22:13:46.044Z info: Moved over position x:427, y:377
2022-04-21T22:13:46.060Z info: Moved over position x:505, y:377
2022-04-21T22:13:46.076Z info: Moved over position x:588, y:379
2022-04-21T22:13:46.094Z info: Moved over position x:685, y:384
2022-04-21T22:13:46.110Z info: Moved over position x:745, y:390
2022-04-21T22:13:46.128Z info: Moved over position x:799, y:395
2022-04-21T22:13:46.144Z info: Moved over position x:823, y:396
2022-04-21T22:13:46.160Z info: Moved over position x:825, y:396
2022-04-21T22:13:46.320Z info: Moved over position x:825, y:395
2022-04-21T22:13:46.361Z info: Moved over position x:823, y:395
2022-04-21T22:13:46.361Z info: Moved over position x:825, y:395
2022-04-21T22:13:46.378Z info: Moved over position x:837, y:394
2022-04-21T22:13:46.395Z info: Moved over position x:859, y:389
2022-04-21T22:13:46.412Z info: Moved over position x:911, y:384
2022-04-21T22:13:46.427Z info: Moved over position x:945, y:384
2022-04-21T22:13:46.444Z info: Moved over position x:993, y:382
2022-04-21T22:13:46.461Z info: Moved over position x:1037, y:375
2022-04-21T22:13:46.476Z info: Moved over position x:1056, y:372
2022-04-21T22:13:46.494Z info: Moved over position x:1094, y:365
2022-04-21T22:13:46.509Z info: Moved over position x:1125, y:355
2022-04-21T22:13:46.528Z info: Moved over position x:1150, y:348
2022-04-21T22:13:46.544Z info: Moved over position x:1182, y:336
2022-04-21T22:13:46.560Z info: Moved over position x:1202, y:331
2022-04-21T22:13:46.576Z info: Moved over position x:1224, y:328
2022-04-21T22:13:46.594Z info: Moved over position x:1239, y:325
2022-04-21T22:13:46.611Z info: Moved over position x:1257, y:323
2022-04-21T22:13:46.628Z info: Moved over position x:1277, y:322
2022-04-21T22:13:55.364Z info: Moved over position x:1164, y:43
2022-04-21T22:13:55.381Z info: Moved over position x:1279, y:155
